"../../../../GGJ2021/LostAndFound/Content/Ben/controls_menu.uasset" 0
"../../../../GGJ2021/LostAndFound/Content/Ben/ControlsMenu.uasset" 1
"../../../../GGJ2021/LostAndFound/Content/Ben/HUD/ShopElements/shop_menu_panel.uasset" 2
"../../../../GGJ2021/LostAndFound/Content/Ben/MainMenu/main_menu_mockup.uasset" 3
"../../../../GGJ2021/LostAndFound/Content/Ben/MainMenu/space_hd.uasset" 4
"../../../../GGJ2021/LostAndFound/Content/Ben/MainMenu/story_hud_test.uasset" 5
"../../../../GGJ2021/LostAndFound/Content/Ben/MainMenu/Buttons/quit_game_button.uasset" 6
"../../../../GGJ2021/LostAndFound/Content/Ben/MainMenu/Buttons/quit_gone.uasset" 7
"../../../../GGJ2021/LostAndFound/Content/Flying/Meshes/BaseMaterial.uasset" 8
"../../../../GGJ2021/LostAndFound/Content/Flying/Meshes/GrayMaterial.uasset" 9
"../../../../GGJ2021/LostAndFound/Content/FlyingBP/FlyingOverview.uasset" 10
"../../../../GGJ2021/LostAndFound/Content/FlyingBP/Sounds/CoinPickup.uasset" 11
"../../../../GGJ2021/LostAndFound/Content/FlyingBP/Sounds/CoinsMedium.uasset" 12
"../../../../GGJ2021/LostAndFound/Content/FlyingBP/Sounds/HealthPickUp.uasset" 13
"../../../../GGJ2021/LostAndFound/Content/FlyingBP/Sounds/MiniExplode.uasset" 14
"../../../../GGJ2021/LostAndFound/Content/FlyingBP/Sounds/Objective_complete.uasset" 15
"../../../../GGJ2021/LostAndFound/Content/GabrielAguiarProd/DemoRoom/BluePrint/BP_DemoDisplay_Enum.uasset" 16
"../../../../GGJ2021/LostAndFound/Content/GabrielAguiarProd/DemoRoom/BluePrint/BP_DemoRoom_Enum.uasset" 17
"../../../../GGJ2021/LostAndFound/Content/GabrielAguiarProd/Textures/Beams/T_Beam01Grey.uasset" 18
"../../../../GGJ2021/LostAndFound/Content/GabrielAguiarProd/Materials/Originals/M_Additive.uasset" 19
"../../../../GGJ2021/LostAndFound/Content/GabrielAguiarProd/Materials/Mi_Beam01.uasset" 20
"../../../Engine/Content/Functions/Engine_MaterialFunctions01/Opacity/CameraDepthFade.uasset" 21
"../../../Engine/Content/EngineMaterials/T_Default_Material_Grid_M.uasset" 22
"../../../Engine/Content/EngineMaterials/T_Default_Material_Grid_N.uasset" 23
"../../../Engine/Content/EngineMaterials/WorldGridMaterial.uasset" 24
"../../../../GGJ2021/LostAndFound/Content/GabrielAguiarProd/Models/SM_Quad.uasset" 25
"../../../../GGJ2021/LostAndFound/Content/GabrielAguiarProd/Models/SM_RingMesh01.uasset" 26
"../../../../GGJ2021/LostAndFound/Content/GabrielAguiarProd/Textures/Beams/T_Beam01Orange.uasset" 27
"../../../../GGJ2021/LostAndFound/Content/GabrielAguiarProd/Textures/Beams/T_Beam01Red.uasset" 28
"../../../../GGJ2021/LostAndFound/Content/GabrielAguiarProd/Textures/Beams/T_Beam01Violet.uasset" 29
"../../../../GGJ2021/LostAndFound/Content/GabrielAguiarProd/Textures/Beams/T_Beam01White.uasset" 30
"../../../../GGJ2021/LostAndFound/Content/GabrielAguiarProd/Textures/Beams/T_Beam01Yellow.uasset" 31
"../../../../GGJ2021/LostAndFound/Content/GabrielAguiarProd/Textures/Beams/T_Beam02.uasset" 32
"../../../../GGJ2021/LostAndFound/Content/GabrielAguiarProd/Textures/Beams/T_VignetteMask.uasset" 33
"../../../../GGJ2021/LostAndFound/Content/GabrielAguiarProd/Textures/Gradients/T_GradientCenter01.uasset" 34
"../../../../GGJ2021/LostAndFound/Content/GabrielAguiarProd/Textures/Gradients/T_GradientCenter02.uasset" 35
"../../../../GGJ2021/LostAndFound/Content/GabrielAguiarProd/Textures/Gradients/T_GradientCenter04.uasset" 36
"../../../../GGJ2021/LostAndFound/Content/GabrielAguiarProd/Textures/Gradients/T_Gradient_aqua.uasset" 37
"../../../../GGJ2021/LostAndFound/Content/GabrielAguiarProd/Textures/Gradients/T_Gradient_blue.uasset" 38
"../../../../GGJ2021/LostAndFound/Content/GabrielAguiarProd/Textures/Gradients/T_Gradient_green.uasset" 39
"../../../../GGJ2021/LostAndFound/Content/GabrielAguiarProd/Textures/Gradients/T_Gradient_greyscale.uasset" 40
"../../../../GGJ2021/LostAndFound/Content/GabrielAguiarProd/Textures/Gradients/T_Gradient_red.uasset" 41
"../../../../GGJ2021/LostAndFound/Content/GabrielAguiarProd/Textures/Gradients/T_Gradient_violet.uasset" 42
"../../../../GGJ2021/LostAndFound/Content/GabrielAguiarProd/Textures/Gradients/T_Gradient_yellow.uasset" 43
"../../../../GGJ2021/LostAndFound/Content/GabrielAguiarProd/Textures/Noise/T_Noise00.uasset" 44
"../../../../GGJ2021/LostAndFound/Content/GabrielAguiarProd/Textures/Noise/T_Noise000.uasset" 45
"../../../../GGJ2021/LostAndFound/Content/GabrielAguiarProd/Textures/Noise/T_Noise03.uasset" 46
"../../../../GGJ2021/LostAndFound/Content/GabrielAguiarProd/Textures/Noise/T_Noise04.uasset" 47
"../../../../GGJ2021/LostAndFound/Content/GabrielAguiarProd/Textures/Noise/T_Noise05.uasset" 48
"../../../../GGJ2021/LostAndFound/Content/GabrielAguiarProd/Textures/Noise/T_Noise06.uasset" 49
"../../../../GGJ2021/LostAndFound/Content/GabrielAguiarProd/Textures/Noise/T_Noise07.uasset" 50
"../../../../GGJ2021/LostAndFound/Content/GabrielAguiarProd/Textures/Noise/T_Noise08.uasset" 51
"../../../../GGJ2021/LostAndFound/Content/GabrielAguiarProd/Textures/Noise/T_Noise09.uasset" 52
"../../../../GGJ2021/LostAndFound/Content/GabrielAguiarProd/Textures/Noise/T_Noise10.uasset" 53
"../../../../GGJ2021/LostAndFound/Content/GabrielAguiarProd/Textures/Noise/T_Noise11.uasset" 54
"../../../../GGJ2021/LostAndFound/Content/GabrielAguiarProd/Textures/Noise/T_Noise12.uasset" 55
"../../../../GGJ2021/LostAndFound/Content/GabrielAguiarProd/Textures/Square/T_Square01.uasset" 56
"../../../../GGJ2021/LostAndFound/Content/GabrielAguiarProd/Textures/Square/T_Square03.uasset" 57
"../../../../GGJ2021/LostAndFound/Content/GabrielAguiarProd/Textures/Square/T_Square04.uasset" 58
"../../../../GGJ2021/LostAndFound/Content/GabrielAguiarProd/Textures/Square/T_SunShafts01.uasset" 59
"../../../../GGJ2021/LostAndFound/Content/GabrielAguiarProd/Materials/Originals/M_AlphaBlended.uasset" 60
"../../../../GGJ2021/LostAndFound/Content/GabrielAguiarProd/Textures/Texturesheets/T_ToonProjectilesVol1_10X10_8K_part1.uasset" 61
"../../../../GGJ2021/LostAndFound/Content/GabrielAguiarProd/Materials/Mi_ToonProjectilesP1_10x10_AB.uasset" 62
"../../../../GGJ2021/LostAndFound/Content/GabrielAguiarProd/Materials/Mi_ToonProjectilesP1_10x10_Add.uasset" 63
"../../../../GGJ2021/LostAndFound/Content/GabrielAguiarProd/ToonProjectilesVol1/Particles/Hits/P_Hit_Bomb01Blue.uasset" 64
"../../../../GGJ2021/LostAndFound/Content/GabrielAguiarProd/ToonProjectilesVol1/Particles/Hits/P_Hit_Bomb02Blue.uasset" 65
"../../../../GGJ2021/LostAndFound/Content/GabrielAguiarProd/ToonProjectilesVol1/Particles/Hits/P_Hit_Bullet01Blue.uasset" 66
"../../../../GGJ2021/LostAndFound/Content/GabrielAguiarProd/Textures/Texturesheets/T_ToonProjectilesVol1_10X10_8K_part2.uasset" 67
"../../../../GGJ2021/LostAndFound/Content/GabrielAguiarProd/Materials/Mi_ToonProjectilesP2_10x10_Add.uasset" 68
"../../../../GGJ2021/LostAndFound/Content/GabrielAguiarProd/ToonProjectilesVol1/Particles/Hits/P_Hit_ElectricBall01Blue.uasset" 69
"../../../../GGJ2021/LostAndFound/Content/GabrielAguiarProd/ToonProjectilesVol1/Particles/Hits/P_Hit_Fireball01Blue.uasset" 70
"../../../../GGJ2021/LostAndFound/Content/GabrielAguiarProd/ToonProjectilesVol1/Particles/Hits/P_Hit_MegaBomb01Blue.uasset" 71
"../../../../GGJ2021/LostAndFound/Content/GabrielAguiarProd/ToonProjectilesVol1/Particles/Hits/P_Hit_Plasma01Blue.uasset" 72
"../../../../GGJ2021/LostAndFound/Content/GabrielAguiarProd/ToonProjectilesVol1/Particles/Hits/P_Hit_Plasma02Blue.uasset" 73
"../../../../GGJ2021/LostAndFound/Content/GabrielAguiarProd/ToonProjectilesVol1/Particles/Hits/P_Hit_Triangle01Blue.uasset" 74
"../../../../GGJ2021/LostAndFound/Content/GabrielAguiarProd/Materials/Originals/M_Additive_Tex.uasset" 75
"../../../../GGJ2021/LostAndFound/Content/GabrielAguiarProd/Textures/T_Impact04.uasset" 76
"../../../../GGJ2021/LostAndFound/Content/GabrielAguiarProd/Materials/Mi_Impact04.uasset" 77
"../../../../GGJ2021/LostAndFound/Content/GabrielAguiarProd/Materials/Mi_ToonProjectilesP2_10x10_AB.uasset" 78
"../../../../GGJ2021/LostAndFound/Content/GabrielAguiarProd/Models/SM_Cylinder01.uasset" 79
"../../../../GGJ2021/LostAndFound/Content/GabrielAguiarProd/ToonProjectilesVol1/Particles/Hits/P_Hit_Waterball01Blue.uasset" 80
"../../../../GGJ2021/LostAndFound/Content/GabrielAguiarProd/ToonProjectilesVol1/Particles/Muzzles/P_Muzzle_Ball01Blue.uasset" 81
"../../../../GGJ2021/LostAndFound/Content/GabrielAguiarProd/ToonProjectilesVol1/Particles/Muzzles/P_Muzzle_Bomb01Blue.uasset" 82
"../../../../GGJ2021/LostAndFound/Content/GabrielAguiarProd/ToonProjectilesVol1/Particles/Muzzles/P_Muzzle_Bomb02Blue.uasset" 83
"../../../../GGJ2021/LostAndFound/Content/GabrielAguiarProd/ToonProjectilesVol1/Particles/Muzzles/P_Muzzle_Bomb03Blue.uasset" 84
"../../../../GGJ2021/LostAndFound/Content/GabrielAguiarProd/ToonProjectilesVol1/Particles/Muzzles/P_Muzzle_Bullet01Blue.uasset" 85
"../../../../GGJ2021/LostAndFound/Content/GabrielAguiarProd/ToonProjectilesVol1/Particles/Muzzles/P_Muzzle_ElectricBall01Blue.uasset" 86
"../../../../GGJ2021/LostAndFound/Content/GabrielAguiarProd/ToonProjectilesVol1/Particles/Muzzles/P_Muzzle_Fireball01Blue.uasset" 87
"../../../../GGJ2021/LostAndFound/Content/GabrielAguiarProd/ToonProjectilesVol1/Particles/Muzzles/P_Muzzle_MegaBomb01Blue.uasset" 88
"../../../../GGJ2021/LostAndFound/Content/GabrielAguiarProd/ToonProjectilesVol1/Particles/Muzzles/P_Muzzle_Plasma01Blue.uasset" 89
"../../../../GGJ2021/LostAndFound/Content/GabrielAguiarProd/ToonProjectilesVol1/Particles/Muzzles/P_Muzzle_Plasma02Blue.uasset" 90
"../../../../GGJ2021/LostAndFound/Content/GabrielAguiarProd/ToonProjectilesVol1/Particles/Muzzles/P_Muzzle_Triangle01Blue.uasset" 91
"../../../../GGJ2021/LostAndFound/Content/GabrielAguiarProd/ToonProjectilesVol1/Particles/Muzzles/P_Muzzle_Waterball01Blue.uasset" 92
"../../../../GGJ2021/LostAndFound/Content/GabrielAguiarProd/ToonProjectilesVol1/Particles/Projectiles/P_Projectile_Bomb01Blue.uasset" 93
"../../../../GGJ2021/LostAndFound/Content/GabrielAguiarProd/ToonProjectilesVol1/Particles/Projectiles/P_Projectile_Bomb02Blue.uasset" 94
"../../../../GGJ2021/LostAndFound/Content/GabrielAguiarProd/Textures/Texturesheets/T_ToonSmokeTrail01_3x3.uasset" 95
"../../../../GGJ2021/LostAndFound/Content/GabrielAguiarProd/Materials/Mi_ToonSmokeTrail01_AB_3x3.uasset" 96
"../../../../GGJ2021/LostAndFound/Content/GabrielAguiarProd/Models/SM_BiPlanar01.uasset" 97
"../../../../GGJ2021/LostAndFound/Content/GabrielAguiarProd/ToonProjectilesVol1/Particles/Projectiles/P_Projectile_Bomb03Blue.uasset" 98
"../../../../GGJ2021/LostAndFound/Content/GabrielAguiarProd/Textures/T_Projectile01.uasset" 99
"../../../../GGJ2021/LostAndFound/Content/GabrielAguiarProd/Materials/Mi_Projectile01.uasset" 100
"../../../../GGJ2021/LostAndFound/Content/GabrielAguiarProd/Textures/Square/T_Square02.uasset" 101
"../../../../GGJ2021/LostAndFound/Content/GabrielAguiarProd/Materials/Mi_Square02.uasset" 102
"../../../../GGJ2021/LostAndFound/Content/GabrielAguiarProd/ToonProjectilesVol1/Particles/Projectiles/P_Projectile_Bullet01Blue.uasset" 103
"../../../../GGJ2021/LostAndFound/Content/GabrielAguiarProd/ToonProjectilesVol1/Particles/Projectiles/P_Projectile_ElectricBall01Blue.uasset" 104
"../../../../GGJ2021/LostAndFound/Content/GabrielAguiarProd/ToonProjectilesVol1/Particles/Projectiles/P_Projectile_ElectricBall02Blue.uasset" 105
"../../../../GGJ2021/LostAndFound/Content/GabrielAguiarProd/Textures/Texturesheets/T_ToonCircle02_3x3.uasset" 106
"../../../../GGJ2021/LostAndFound/Content/GabrielAguiarProd/Materials/Mi_ToonCircle02_Add_3x3.uasset" 107
"../../../../GGJ2021/LostAndFound/Content/GabrielAguiarProd/Textures/Gradients/T_GradientCenter03.uasset" 108
"../../../../GGJ2021/LostAndFound/Content/GabrielAguiarProd/Textures/Noise/T_Noise01.uasset" 109
"../../../../GGJ2021/LostAndFound/Content/GabrielAguiarProd/Textures/Noise/T_Noise02.uasset" 110
"../../../../GGJ2021/LostAndFound/Content/GabrielAguiarProd/Materials/Originals/M_AdditiveScroll01.uasset" 111
"../../../../GGJ2021/LostAndFound/Content/GabrielAguiarProd/Materials/Mi_Trail01_AddScroll.uasset" 112
"../../../../GGJ2021/LostAndFound/Content/GabrielAguiarProd/Models/SM_QuadSkewed.uasset" 113
"../../../../GGJ2021/LostAndFound/Content/GabrielAguiarProd/Models/SM_Ring01.uasset" 114
"../../../../GGJ2021/LostAndFound/Content/GabrielAguiarProd/ToonProjectilesVol1/Particles/Projectiles/P_Projectile_Fireball01Blue.uasset" 115
"../../../../GGJ2021/LostAndFound/Content/GabrielAguiarProd/ToonProjectilesVol1/Particles/Projectiles/P_Projectile_MegaBomb01Blue.uasset" 116
"../../../../GGJ2021/LostAndFound/Content/GabrielAguiarProd/ToonProjectilesVol1/Particles/Projectiles/P_Projectile_Plasma01Blue.uasset" 117
"../../../../GGJ2021/LostAndFound/Content/GabrielAguiarProd/ToonProjectilesVol1/Particles/Projectiles/P_Projectile_Plasma02Blue.uasset" 118
"../../../../GGJ2021/LostAndFound/Content/GabrielAguiarProd/ToonProjectilesVol1/Particles/Projectiles/P_Projectile_TriangleBlue.uasset" 119
"../../../../GGJ2021/LostAndFound/Content/GabrielAguiarProd/ToonProjectilesVol1/Particles/Projectiles/P_Projectile_WaterBall01.uasset" 120
"../../../../GGJ2021/LostAndFound/Content/Geometry/Meshes/CubeMaterial.uasset" 121
"../../../../GGJ2021/LostAndFound/Content/Geometry/Meshes/1M_Cube.uasset" 122
"../../../../GGJ2021/LostAndFound/Content/Geometry/Meshes/1M_Cube_Chamfer.uasset" 123
"../../../../GGJ2021/LostAndFound/Content/Geometry/Meshes/TemplateFloor.uasset" 124
"../../../../GGJ2021/LostAndFound/Content/Splash/EdSplash.uasset" 125
"../../../../GGJ2021/LostAndFound/Content/StarterContent/Materials/M_Basic_Wall.uasset" 126
"../../../../GGJ2021/LostAndFound/Content/StarterContent/Architecture/Pillar_50x500.uasset" 127
"../../../../GGJ2021/LostAndFound/Content/StarterContent/Architecture/Wall_400x300.uasset" 128
"../../../../GGJ2021/LostAndFound/Content/StarterContent/Architecture/Wall_400x400.uasset" 129
"../../../../GGJ2021/LostAndFound/Content/StarterContent/Architecture/Wall_500x500.uasset" 130
"../../../../GGJ2021/LostAndFound/Content/StarterContent/Architecture/Wall_Door_400x400.uasset" 131
"../../../../GGJ2021/LostAndFound/Content/StarterContent/Architecture/Wall_Window_400x400.uasset" 132
"../../../../GGJ2021/LostAndFound/Content/StarterContent/Audio/Collapse01.uasset" 133
"../../../../GGJ2021/LostAndFound/Content/StarterContent/Audio/Collapse02.uasset" 134
"../../../../GGJ2021/LostAndFound/Content/StarterContent/Audio/Explosion01.uasset" 135
"../../../../GGJ2021/LostAndFound/Content/StarterContent/Audio/Explosion02.uasset" 136
"../../../../GGJ2021/LostAndFound/Content/StarterContent/Audio/Fire01.uasset" 137
"../../../../GGJ2021/LostAndFound/Content/StarterContent/Audio/Fire_Sparks01.uasset" 138
"../../../../GGJ2021/LostAndFound/Content/StarterContent/Audio/Light01.uasset" 139
"../../../../GGJ2021/LostAndFound/Content/StarterContent/Audio/Light01_Cue.uasset" 140
"../../../../GGJ2021/LostAndFound/Content/StarterContent/Audio/Light02.uasset" 141
"../../../../GGJ2021/LostAndFound/Content/StarterContent/Audio/Light02_Cue.uasset" 142
"../../../../GGJ2021/LostAndFound/Content/StarterContent/Audio/Smoke01.uasset" 143
"../../../../GGJ2021/LostAndFound/Content/StarterContent/Audio/Starter_Birds01.uasset" 144
"../../../../GGJ2021/LostAndFound/Content/StarterContent/Audio/Starter_Music01.uasset" 145
"../../../../GGJ2021/LostAndFound/Content/StarterContent/Audio/Starter_Wind05.uasset" 146
"../../../../GGJ2021/LostAndFound/Content/StarterContent/Audio/Starter_Wind06.uasset" 147
"../../../../GGJ2021/LostAndFound/Content/StarterContent/Audio/Steam01.uasset" 148
"../../../../GGJ2021/LostAndFound/Content/StarterContent/Audio/Explosion_Cue.uasset" 149
"../../../../GGJ2021/LostAndFound/Content/StarterContent/Textures/T_Burst_M.uasset" 150
"../../../../GGJ2021/LostAndFound/Content/StarterContent/Particles/Materials/M_Burst.uasset" 151
"../../../../GGJ2021/LostAndFound/Content/StarterContent/Textures/T_Explosion_SubUV.uasset" 152
"../../../../GGJ2021/LostAndFound/Content/StarterContent/Particles/Materials/M_explosion_subUV.uasset" 153
"../../../../GGJ2021/LostAndFound/Content/StarterContent/Particles/Materials/m_flare_01.uasset" 154
"../../../Engine/Content/Functions/Engine_MaterialFunctions01/Gradient/RadialGradient.uasset" 155
"../../../../GGJ2021/LostAndFound/Content/StarterContent/Particles/Materials/M_radial_ramp.uasset" 156
"../../../../GGJ2021/LostAndFound/Content/StarterContent/Textures/T_Smoke_SubUV.uasset" 157
"../../../../GGJ2021/LostAndFound/Content/StarterContent/Textures/T_Smoke_Tiled_D.uasset" 158
"../../../../GGJ2021/LostAndFound/Content/StarterContent/Particles/Materials/M_smoke_subUV.uasset" 159
"../../../../GGJ2021/LostAndFound/Content/StarterContent/Particles/P_Explosion.uasset" 160
"../../../../GGJ2021/LostAndFound/Content/StarterContent/Blueprints/Blueprint_Effect_Explosion.uasset" 161
"../../../Engine/Content/EditorMeshes/ColorCalibrator/T_ColorGrid.uasset" 162
"../../../../GGJ2021/LostAndFound/Content/StarterContent/Materials/M_ColorGrid_LowSpec.uasset" 163
"../../../../GGJ2021/LostAndFound/Content/StarterContent/Textures/T_Bush_D.uasset" 164
"../../../../GGJ2021/LostAndFound/Content/StarterContent/Textures/T_Bush_N.uasset" 165
"../../../../GGJ2021/LostAndFound/Content/StarterContent/Props/Materials/M_Bush.uasset" 166
"../../../../GGJ2021/LostAndFound/Content/StarterContent/Props/SM_Bush.uasset" 167
"../../../../GGJ2021/LostAndFound/Content/StarterContent/Textures/T_Chair_M.uasset" 168
"../../../../GGJ2021/LostAndFound/Content/StarterContent/Textures/T_Chair_N.uasset" 169
"../../../../GGJ2021/LostAndFound/Content/StarterContent/Props/Materials/M_Chair.uasset" 170
"../../../../GGJ2021/LostAndFound/Content/StarterContent/Props/SM_Couch.uasset" 171
"../../../../GGJ2021/LostAndFound/Content/StarterContent/Materials/M_Glass.uasset" 172
"../../../../GGJ2021/LostAndFound/Content/StarterContent/Textures/T_Door_M.uasset" 173
"../../../../GGJ2021/LostAndFound/Content/StarterContent/Textures/T_Door_N.uasset" 174
"../../../../GGJ2021/LostAndFound/Content/StarterContent/Props/Materials/M_Door.uasset" 175
"../../../../GGJ2021/LostAndFound/Content/StarterContent/Props/SM_Door.uasset" 176
"../../../../GGJ2021/LostAndFound/Content/StarterContent/Props/Materials/M_MaterialSphere.uasset" 177
"../../../../GGJ2021/LostAndFound/Content/StarterContent/Props/Materials/M_MaterialSphere_Plain.uasset" 178
"../../../../GGJ2021/LostAndFound/Content/StarterContent/Props/SM_MatPreviewMesh_02.uasset" 179
"../../../Engine/Content/Functions/Engine_MaterialFunctions02/Utility/BlendAngleCorrectedNormals.uasset" 180
"../../../../GGJ2021/LostAndFound/Content/StarterContent/Textures/T_Detail_Rocky_N.uasset" 181
"../../../../GGJ2021/LostAndFound/Content/StarterContent/Textures/T_Rock_Basalt_D.uasset" 182
"../../../../GGJ2021/LostAndFound/Content/StarterContent/Textures/T_RockMesh_M.uasset" 183
"../../../../GGJ2021/LostAndFound/Content/StarterContent/Textures/T_RockMesh_N.uasset" 184
"../../../../GGJ2021/LostAndFound/Content/StarterContent/Props/Materials/M_Rock.uasset" 185
"../../../../GGJ2021/LostAndFound/Content/StarterContent/Props/SM_Rock.uasset" 186
"../../../../GGJ2021/LostAndFound/Content/StarterContent/Textures/T_Shelf_M.uasset" 187
"../../../../GGJ2021/LostAndFound/Content/StarterContent/Textures/T_Shelf_N.uasset" 188
"../../../../GGJ2021/LostAndFound/Content/StarterContent/Props/Materials/M_Shelf.uasset" 189
"../../../../GGJ2021/LostAndFound/Content/StarterContent/Props/SM_Shelf.uasset" 190
"../../../../GGJ2021/LostAndFound/Content/StarterContent/Materials/M_Basic_Floor.uasset" 191
"../../../../GGJ2021/LostAndFound/Content/StarterContent/Props/SM_Stairs.uasset" 192
"../../../../GGJ2021/LostAndFound/Content/StarterContent/Shapes/Shape_Cone.uasset" 193
"../../../../GGJ2021/LostAndFound/Content/StarterContent/Shapes/Shape_Cylinder.uasset" 194
"../../../../GGJ2021/LostAndFound/Content/StarterContent/Shapes/Shape_NarrowCapsule.uasset" 195
"../../../../GGJ2021/LostAndFound/Content/StarterContent/Shapes/Shape_Pipe.uasset" 196
"../../../../GGJ2021/LostAndFound/Content/StarterContent/Shapes/Shape_Pipe_180.uasset" 197
"../../../../GGJ2021/LostAndFound/Content/StarterContent/Shapes/Shape_Pipe_90.uasset" 198
"../../../../GGJ2021/LostAndFound/Content/StarterContent/Shapes/Shape_Plane.uasset" 199
"../../../../GGJ2021/LostAndFound/Content/StarterContent/Shapes/Shape_Torus.uasset" 200
"../../../../GGJ2021/LostAndFound/Content/StarterContent/Shapes/Shape_Trim.uasset" 201
"../../../../GGJ2021/LostAndFound/Content/StarterContent/Shapes/Shape_Trim_90_In.uasset" 202
"../../../../GGJ2021/LostAndFound/Content/StarterContent/Shapes/Shape_Trim_90_Out.uasset" 203
"../../../../GGJ2021/LostAndFound/Content/StarterContent/Shapes/Shape_TriPyramid.uasset" 204
"../../../../GGJ2021/LostAndFound/Content/StarterContent/Shapes/Shape_Tube.uasset" 205
"../../../../GGJ2021/LostAndFound/Content/StarterContent/Shapes/Shape_Wedge_A.uasset" 206
"../../../../GGJ2021/LostAndFound/Content/StarterContent/Shapes/Shape_Wedge_B.uasset" 207
"../../../../GGJ2021/LostAndFound/Content/StarterContent/Shapes/Shape_WideCapsule.uasset" 208
"../../../Engine/Content/Animation/DefaultAnimCurveCompressionSettings.uasset" 209
"../../../Engine/Content/ArtTools/RenderToTexture/Meshes/S_1_Unit_Plane.uasset" 210
"../../../Engine/Content/EngineMaterials/DefaultMaterial.uasset" 211
"../../../Engine/Content/BasicShapes/Cone.uasset" 212
"../../../Engine/Content/BasicShapes/Cube.uasset" 213
"../../../Engine/Content/BasicShapes/Cylinder.uasset" 214
"../../../Engine/Content/BasicShapes/Plane.uasset" 215
"../../../Engine/Content/EditorLandscapeResources/DataLayer.uasset" 216
"../../../Engine/Content/EditorMaterials/MAT_Groups_Toggle.uasset" 217
"../../../Engine/Content/EditorMaterials/MAT_Groups_Visibility.uasset" 218
"../../../Engine/Content/EditorMaterials/PreviewShadowIndicator.uasset" 219
"../../../Engine/Content/EditorMaterials/PreviewShadowIndicatorMaterial.uasset" 220
"../../../Engine/Content/EditorMaterials/MatineeGroups/MAT_ColorTrack.uasset" 221
"../../../Engine/Content/EditorMaterials/MatineeGroups/MAT_Groups_Anim.uasset" 222
"../../../Engine/Content/EditorMaterials/MatineeGroups/MAT_Groups_AudioMaster.uasset" 223
"../../../Engine/Content/EditorMaterials/MatineeGroups/MAT_Groups_Director.uasset" 224
"../../../Engine/Content/EditorMaterials/MatineeGroups/MAT_Groups_Event.uasset" 225
"../../../Engine/Content/EditorMaterials/MatineeGroups/MAT_Groups_Fade.uasset" 226
"../../../Engine/Content/EditorMaterials/MatineeGroups/MAT_Groups_Float.uasset" 227
"../../../Engine/Content/EditorMaterials/MatineeGroups/MAT_Groups_Move.uasset" 228
"../../../Engine/Content/EditorMaterials/MatineeGroups/MAT_Groups_Slomo.uasset" 229
"../../../Engine/Content/EditorMaterials/MatineeGroups/MAT_Groups_Sound.uasset" 230
"../../../Engine/Content/EditorMaterials/MatineeGroups/MAT_Groups_Vector.uasset" 231
"../../../Engine/Content/EditorMaterials/ParticleSystems/PSysThumbnail_NoImage.uasset" 232
"../../../Engine/Content/EditorMaterials/ParticleSystems/PSysThumbnail_OOD.uasset" 233
"../../../Engine/Content/EditorMaterials/Camera/CineMat.uasset" 234
"../../../Engine/Content/EditorMaterials/Camera/MI_CineMat_Rig.uasset" 235
"../../../Engine/Content/EditorMeshes/Camera/SM_CraneRig_Arm.uasset" 236
"../../../Engine/Content/EditorMeshes/Camera/SM_CraneRig_Base.uasset" 237
"../../../Engine/Content/EditorMeshes/Camera/SM_CraneRig_Body.uasset" 238
"../../../Engine/Content/EditorMeshes/Camera/SM_CraneRig_Mount.uasset" 239
"../../../Engine/Content/EditorMeshes/Camera/SM_RailRig_Mount.uasset" 240
"../../../Engine/Content/EditorMeshes/Camera/SM_RailRig_Track.uasset" 241
"../../../Engine/Content/EditorResources/BSPVertex.uasset" 242
"../../../Engine/Content/EditorResources/EmptyActor.uasset" 243
"../../../Engine/Content/EditorResources/S_Actor.uasset" 244
"../../../Engine/Content/EditorResources/S_Note.uasset" 245
"../../../Engine/Content/EditorResources/S_Solver.uasset" 246
"../../../Engine/Content/EditorResources/S_Trigger.uasset" 247
"../../../Engine/Content/EditorResources/AudioIcons/S_AudioComponent.uasset" 248
"../../../Engine/Content/EditorResources/AudioIcons/S_AudioComponent_AutoActivate.uasset" 249
"../../../Engine/Content/EditorResources/LightIcons/S_LightError.uasset" 250
"../../../Engine/Content/EditorResources/SequenceRecorder/Countdown.uasset" 251
"../../../Engine/Content/EditorResources/SequenceRecorder/RecordingIndicator.uasset" 252
"../../../Engine/Content/EditorSounds/Notifications/CompileFailed.uasset" 253
"../../../Engine/Content/EditorSounds/Notifications/CompileFailed_Cue.uasset" 254
"../../../Engine/Content/EditorSounds/Notifications/CompileSuccess.uasset" 255
"../../../Engine/Content/EditorSounds/Notifications/CompileStart_Cue.uasset" 256
"../../../Engine/Content/EditorSounds/Notifications/CompileSuccess_Cue.uasset" 257
"../../../Engine/Content/EngineDamageTypes/DmgTypeBP_Environmental.uasset" 258
"../../../Engine/Content/EngineDebugMaterials/DebugEditorMaterial.uasset" 259
"../../../Engine/Content/EngineDebugMaterials/DebugMeshMaterial.uasset" 260
"../../../Engine/Content/EngineDebugMaterials/M_SimpleUnlitTranslucent.uasset" 261
"../../../Engine/Content/Functions/Engine_MaterialFunctions02/Utility/CameraDirectionVector.uasset" 262
"../../../Engine/Content/EngineDebugMaterials/VolumeToRender.uasset" 263
"../../../Engine/Content/EngineDebugMaterials/M_VolumeRenderSphereTracePP.uasset" 264
"../../../Engine/Content/EngineDebugMaterials/WireframeMaterial.uasset" 265
"../../../Engine/Content/EngineFonts/Faces/DroidSansFallback.uasset" 266
"../../../Engine/Content/EngineFonts/Faces/RobotoBold.uasset" 267
"../../../Engine/Content/EngineFonts/Faces/RobotoBoldItalic.uasset" 268
"../../../Engine/Content/EngineFonts/Faces/RobotoItalic.uasset" 269
"../../../Engine/Content/EngineFonts/Faces/RobotoLight.uasset" 270
"../../../Engine/Content/EngineFonts/Faces/RobotoRegular.uasset" 271
"../../../Engine/Content/EngineFonts/Roboto.uasset" 272
"../../../Engine/Content/EngineMaterials/BaseFlattenDiffuseMap.uasset" 273
"../../../Engine/Content/EngineMaterials/BaseFlattenEmissiveMap.uasset" 274
"../../../Engine/Content/EngineMaterials/BaseFlattenGrayscaleMap.uasset" 275
"../../../Engine/Content/EngineMaterials/BaseFlattenNormalMap.uasset" 276
"../../../Engine/Content/EngineMaterials/BaseFlattenMaterial.uasset" 277
"../../../Engine/Content/EngineMaterials/BlueNoise.uasset" 278
"../../../Engine/Content/EngineMaterials/DefaultBloomKernel.uasset" 279
"../../../Engine/Content/EngineMaterials/DefaultBokeh.uasset" 280
"../../../Engine/Content/EngineMaterials/DefaultDiffuse.uasset" 281
"../../../Engine/Content/EngineMaterials/DefaultDeferredDecalMaterial.uasset" 282
"../../../Engine/Content/EngineMaterials/DefaultLightFunctionMaterial.uasset" 283
"../../../Engine/Content/EngineMaterials/DefaultPhysicalMaterial.uasset" 284
"../../../Engine/Content/Functions/Engine_MaterialFunctions02/Utility/BreakOutFloat2Components.uasset" 285
"../../../Engine/Content/EngineMaterials/DefaultPostProcessMaterial.uasset" 286
"../../../Engine/Content/EngineFonts/RobotoDistanceField.uasset" 287
"../../../Engine/Content/EngineMaterials/DefaultTextMaterialOpaque.uasset" 288
"../../../Engine/Content/EngineMaterials/DefaultWhiteGrid.uasset" 289
"../../../Engine/Content/EngineMaterials/DefaultWhiteGrid_Low.uasset" 290
"../../../Engine/Content/EngineMaterials/EmissiveMeshMaterial.uasset" 291
"../../../Engine/Content/EngineMaterials/GizmoMaterial.uasset" 292
"../../../Engine/Content/EngineMaterials/Good64x64TilingNoiseHighFreq.uasset" 293
"../../../Engine/Content/EngineMaterials/MiniFont.uasset" 294
"../../../Engine/Content/EngineMaterials/InvalidLightmapSettings.uasset" 295
"../../../Engine/Content/EngineMaterials/M_InvalidLightmapSettings.uasset" 296
"../../../Engine/Content/Functions/Engine_MaterialFunctions02/WorldPositionOffset/CameraOffset.uasset" 297
"../../../Engine/Content/EngineMaterials/PhAT_JointLimitMaterial.uasset" 298
"../../../Engine/Content/EngineMaterials/PreintegratedSkinBRDF.uasset" 299
"../../../Engine/Content/EngineMaterials/RemoveSurfaceMaterial.uasset" 300
"../../../Engine/Content/EngineMaterials/WeightMapPlaceholderTexture.uasset" 301
"../../../Engine/Content/EngineResources/WhiteSquareTexture.uasset" 302
"../../../Engine/Content/EngineMaterials/Widget3DPassThrough.uasset" 303
"../../../Engine/Content/EngineMaterials/Widget3DPassThrough_Masked.uasset" 304
"../../../Engine/Content/EngineMaterials/Widget3DPassThrough_Opaque.uasset" 305
"../../../Engine/Content/EngineMaterials/Widget3DPassThrough_Masked_OneSided.uasset" 306
"../../../Engine/Content/EngineMaterials/Widget3DPassThrough_Opaque_OneSided.uasset" 307
"../../../Engine/Content/EngineMaterials/Widget3DPassThrough_Translucent.uasset" 308
"../../../Engine/Content/EngineMaterials/Widget3DPassThrough_Translucent_OneSided.uasset" 309
"../../../Engine/Content/EngineMeshes/Cylinder.uasset" 310
"../../../Engine/Content/EngineMeshes/Sphere.uasset" 311
"../../../Engine/Content/EngineResources/Black.uasset" 312
"../../../Engine/Content/EngineResources/DefaultTexture.uasset" 313
"../../../Engine/Content/EngineResources/DefaultTextureCube.uasset" 314
"../../../Engine/Content/EngineResources/DefaultVolumeTexture2D.uasset" 315
"../../../Engine/Content/EngineResources/DefaultVolumeTexture.uasset" 316
"../../../Engine/Content/EngineResources/GradientTexture0.uasset" 317
"../../../Engine/Content/EngineSounds/Master.uasset" 318
"../../../Engine/Content/Functions/Engine_MaterialFunctions01/Shading/ConvertFromDiffSpec.uasset" 319
"../../../Engine/Content/Functions/Engine_MaterialFunctions01/Shading/PowerToRoughness.uasset" 320
"../../../Engine/Content/Maps/Templates/Thumbnails/Default.uasset" 321
"../../../Engine/Content/Maps/Templates/Thumbnails/TimeOfDay.uasset" 322
"../../../Engine/Content/Maps/Templates/Thumbnails/VR-Basic.uasset" 323
"../../../Engine/Content/MobileResources/T_MobileControls_texture.uasset" 324
"../../../Engine/Content/MobileResources/T_MobileMenu2.uasset" 325
"../../../Engine/Content/MobileResources/HUD/AnalogHat.uasset" 326
"../../../Engine/Content/MobileResources/HUD/VirtualJoystick_Background.uasset" 327
"../../../Engine/Content/MobileResources/HUD/VirtualJoystick_Thumb.uasset" 328
"../../../Engine/Content/MobileResources/HUD/DefaultVirtualJoysticks.uasset" 329
"../../../Engine/Content/MobileResources/HUD/LeftVirtualJoystickOnly.uasset" 330
"../../../Engine/Content/MobileResources/HUD/MobileHUDButton1_off.uasset" 331
"../../../Engine/Content/MobileResources/HUD/MobileHUDButton1_on.uasset" 332
"../../../Engine/Content/MobileResources/HUD/MobileHUDButton2_off.uasset" 333
"../../../Engine/Content/MobileResources/HUD/MobileHUDButton2_on.uasset" 334
"../../../Engine/Content/MobileResources/HUD/MobileHUDButton3.uasset" 335
"../../../Engine/Content/MobileResources/HUD/MobileHUDButtonFire.uasset" 336
"../../../Engine/Content/MobileResources/HUD/MobileHUDDirectionPad.uasset" 337
"../../../Engine/Content/MobileResources/HUD/MobileHUDDirectionPad2.uasset" 338
"../../../Engine/Content/MobileResources/HUD/MobileHUDDirectionPad3.uasset" 339
"../../../Engine/Content/MobileResources/HUD/MobileHUDDirectionStick.uasset" 340
"../../../Engine/Content/MobileResources/HUD/T_Castle_ThumbstickInner.uasset" 341
"../../../Engine/Content/MobileResources/HUD/T_Castle_ThumbstickOutter.uasset" 342
"../../../Engine/Content/Tutorial/ContentIntroCurve.uasset" 343
"../../../Engine/Content/Tutorial/Basics/LevelEditorAttract.uasset" 344
"../../../Engine/Content/VREditor/LaserPointer/VR_LaserPower_01.uasset" 345
"../../../Engine/Content/VREditor/TransformGizmo/TransformGizmoMaterial.uasset" 346
"../../../Engine/Content/VREditor/TransformGizmo/TranslucentTransformGizmoMaterial.uasset" 347
"../../../Engine/Content/VREditor/TransformGizmo/BoundingBoxCorner.uasset" 348
"../../../Engine/Content/VREditor/TransformGizmo/BoundingBoxEdge.uasset" 349
"../../../Engine/Content/VREditor/TransformGizmo/PlaneTranslationHandle.uasset" 350
"../../../Engine/Content/VREditor/TransformGizmo/Main.uasset" 351
"../../../Engine/Content/VREditor/TransformGizmo/Xray.uasset" 352
"../../../Engine/Content/VREditor/TransformGizmo/SM_Sequencer_Key.uasset" 353
"../../../Engine/Content/VREditor/TransformGizmo/SM_Sequencer_Node.uasset" 354
"../../Plugins/2D/Paper2D/Content/PlaceholderTextures/DummySpriteTexture.uasset" 355
"../../Plugins/2D/Paper2D/Content/DummySprite.uasset" 356
"../../Plugins/2D/Paper2D/Content/DefaultPaperTerrainMaterial.uasset" 357
"../../Plugins/2D/Paper2D/Content/DefaultSpriteMaterial.uasset" 358
"../../Plugins/2D/Paper2D/Content/MaskedUnlitSpriteMaterial.uasset" 359
"../../Plugins/2D/Paper2D/Content/OpaqueUnlitSpriteMaterial.uasset" 360
"../../Plugins/FX/Niagara/Content/Enums/ENiagaraBooleanLogicOps.uasset" 361
"../../Plugins/FX/Niagara/Content/Enums/ENiagaraCoordinateSpace.uasset" 362
"../../Plugins/FX/Niagara/Content/Enums/ENiagaraExpansionMode.uasset" 363
"../../Plugins/FX/Niagara/Content/Enums/ENiagaraOrientationAxis.uasset" 364
"../../Plugins/FX/Niagara/Content/Enums/ENiagaraRandomnessMode.uasset" 365
"../../../Engine/Content/Functions/Engine_MaterialFunctions02/Utility/BreakOutFloat4Components.uasset" 366
"../../../Engine/Content/Functions/Engine_MaterialFunctions02/Utility/MakeFloat2.uasset" 367
"../../../Engine/Content/Functions/Engine_MaterialFunctions02/Utility/MakeFloat3.uasset" 368
"../../Plugins/Runtime/Oculus/OculusVR/Content/Materials/OculusMR_ChromaKey.uasset" 369
"../../Plugins/Runtime/Oculus/OculusVR/Content/Materials/OculusMR_ChromaKey_Lit.uasset" 370
"../../Plugins/Runtime/Oculus/OculusVR/Content/Materials/OculusMR_OpaqueColoredMaterial.uasset" 371
"../../Plugins/Runtime/Oculus/OculusVR/Content/Materials/OculusMR_WhiteMaterial.uasset" 372
"../../../../GGJ2021/LostAndFound/Content/Ben/EnemyShip/playership_diffuse.uasset" 373
"../../../../GGJ2021/LostAndFound/Content/Ben/EnemyShip/playership_spec.uasset" 374
"../../../../GGJ2021/LostAndFound/Content/Ben/EnemyShip/enemyship.uasset" 375
"../../../../GGJ2021/LostAndFound/Content/Ben/EnemyShip/playership_gun_diffuse.uasset" 376
"../../../../GGJ2021/LostAndFound/Content/Ben/EnemyShip/playership_gun_spec.uasset" 377
"../../../../GGJ2021/LostAndFound/Content/Ben/EnemyShip/enemyship_gun.uasset" 378
"../../../../GGJ2021/LostAndFound/Content/Ben/EnemyShip/enemyship_engine.uasset" 379
"../../../../GGJ2021/LostAndFound/Content/Ben/EnemyShip/enemyship_pawn.uasset" 380
"../../../../GGJ2021/LostAndFound/Content/Ben/MainMenu/Buttons/new_game_button.uasset" 381
"../../../../GGJ2021/LostAndFound/Content/Ben/MainMenu/Buttons/new_game_hover.uasset" 382
"../../../../GGJ2021/LostAndFound/Content/Ben/MainMenu/Buttons/quit_game_hover.uasset" 383
"../../../../GGJ2021/LostAndFound/Content/Ben/MainMenu/Buttons/story_button.uasset" 384
"../../../../GGJ2021/LostAndFound/Content/Ben/MainMenu/Buttons/story_hover.uasset" 385
"../../../../GGJ2021/LostAndFound/Content/Ben/MainMenu/credits.uasset" 386
"../../../../GGJ2021/LostAndFound/Content/Ben/MainMenu/logo.uasset" 387
"../../../../GGJ2021/LostAndFound/Content/Ben/MainMenu/story_back_button.uasset" 388
"../../../../GGJ2021/LostAndFound/Content/Ben/MainMenu/story_back_button_hover.uasset" 389
"../../../../GGJ2021/LostAndFound/Content/Ben/MainMenu/story_hud.uasset" 390
"../../../../GGJ2021/LostAndFound/Content/Ben/MainMenu/StoryWidget.uasset" 391
"../../../../GGJ2021/LostAndFound/Content/Ben/MainMenu/title_logo.uasset" 392
"../../../../GGJ2021/LostAndFound/Content/Ben/MainMenu/MainMenuWidget.uasset" 393
"../../../../GGJ2021/LostAndFound/Content/Ben/Music/Galactic_Expansion_Loop.uasset" 394
"../../../../GGJ2021/LostAndFound/Content/Ben/Music/Galactic_Expansion_Loop_Cue.uasset" 395
"../../../../GGJ2021/LostAndFound/Content/Ben/Skybox/cube_skybox_texture.uasset" 396
"../../../../GGJ2021/LostAndFound/Content/Ben/Skybox/skysphere_material.uasset" 397
"../../../../GGJ2021/LostAndFound/Content/Ben/Skybox/skysphere.uasset" 398
"../../../../GGJ2021/LostAndFound/Content/Ben/MainMenu/MainMenu.umap" 399
"../../../Engine/Content/EditorBlueprintResources/StandardMacros.uasset" 400
"../../../../GGJ2021/LostAndFound/Content/FlyingBP/Materials/m_booster_active.uasset" 401
"../../../../GGJ2021/LostAndFound/Content/FlyingBP/Sounds/Hit.uasset" 402
"../../../../GGJ2021/LostAndFound/Content/GabrielAguiarProd/ToonProjectilesVol1/Particles/Hits/P_Hit_Ball01Blue.uasset" 403
"../../../../GGJ2021/LostAndFound/Content/StarterContent/Shapes/Shape_Sphere.uasset" 404
"../../../../GGJ2021/LostAndFound/Content/FlyingBP/AI/EnemyProjectile.uasset" 405
"../../../../GGJ2021/LostAndFound/Content/StarterContent/Textures/T_MacroVariation.uasset" 406
"../../../../GGJ2021/LostAndFound/Content/StarterContent/Textures/T_Metal_Aluminum_D.uasset" 407
"../../../../GGJ2021/LostAndFound/Content/StarterContent/Textures/T_Metal_Gold_N.uasset" 408
"../../../../GGJ2021/LostAndFound/Content/StarterContent/Materials/M_Metal_Burnished_Steel.uasset" 409
"../../../../GGJ2021/LostAndFound/Content/Ben/gear_pickup.uasset" 410
"../../../../GGJ2021/LostAndFound/Content/FlyingBP/Sounds/CoinsBig.uasset" 411
"../../../../GGJ2021/LostAndFound/Content/FlyingBP/Loot/Loot_base.uasset" 412
"../../../../GGJ2021/LostAndFound/Content/Ben/BossHealthbar/montpellier_health_bar.uasset" 413
"../../../../GGJ2021/LostAndFound/Content/Ben/BossHealthbar/MontpellierHealthBar.uasset" 414
"../../../Engine/Content/EngineFonts/Faces/DroidSansMono.uasset" 415
"../../../Engine/Content/EngineFonts/DroidSansMono.uasset" 416
"../../../../GGJ2021/LostAndFound/Content/Ben/HUD/HUD.uasset" 417
"../../../../GGJ2021/LostAndFound/Content/Ben/HUD/ShopElements/armour_1_button.uasset" 418
"../../../../GGJ2021/LostAndFound/Content/Ben/HUD/ShopElements/armour_1_hover.uasset" 419
"../../../../GGJ2021/LostAndFound/Content/Ben/HUD/ShopElements/armour_2_button.uasset" 420
"../../../../GGJ2021/LostAndFound/Content/Ben/HUD/ShopElements/armour_2_hover.uasset" 421
"../../../../GGJ2021/LostAndFound/Content/Ben/HUD/ShopElements/armour_3_button.uasset" 422
"../../../../GGJ2021/LostAndFound/Content/Ben/HUD/ShopElements/armour_3_hover.uasset" 423
"../../../../GGJ2021/LostAndFound/Content/Ben/HUD/ShopElements/armour_4_button.uasset" 424
"../../../../GGJ2021/LostAndFound/Content/Ben/HUD/ShopElements/armour_4_hover.uasset" 425
"../../../../GGJ2021/LostAndFound/Content/Ben/HUD/ShopElements/buy_ammo_button.uasset" 426
"../../../../GGJ2021/LostAndFound/Content/Ben/HUD/ShopElements/buy_ammo_hover.uasset" 427
"../../../../GGJ2021/LostAndFound/Content/Ben/HUD/ShopElements/buy_button.uasset" 428
"../../../../GGJ2021/LostAndFound/Content/Ben/HUD/ShopElements/buy_food_button.uasset" 429
"../../../../GGJ2021/LostAndFound/Content/Ben/HUD/ShopElements/buy_food_hover.uasset" 430
"../../../../GGJ2021/LostAndFound/Content/Ben/HUD/ShopElements/buy_fuel_button.uasset" 431
"../../../../GGJ2021/LostAndFound/Content/Ben/HUD/ShopElements/buy_fuel_hover.uasset" 432
"../../../../GGJ2021/LostAndFound/Content/Ben/HUD/ShopElements/buy_health_button.uasset" 433
"../../../../GGJ2021/LostAndFound/Content/Ben/HUD/ShopElements/buy_health_hover.uasset" 434
"../../../../GGJ2021/LostAndFound/Content/Ben/HUD/ShopElements/buy_hover.uasset" 435
"../../../../GGJ2021/LostAndFound/Content/Ben/HUD/ShopElements/buy_water_button.uasset" 436
"../../../../GGJ2021/LostAndFound/Content/Ben/HUD/ShopElements/buy_water_hover.uasset" 437
"../../../../GGJ2021/LostAndFound/Content/Ben/HUD/ShopElements/exit_button.uasset" 438
"../../../../GGJ2021/LostAndFound/Content/Ben/HUD/ShopElements/exit_hover.uasset" 439
"../../../../GGJ2021/LostAndFound/Content/Ben/HUD/ShopElements/nearby_contracts_button.uasset" 440
"../../../../GGJ2021/LostAndFound/Content/Ben/HUD/ShopElements/nearby_contracts_hover.uasset" 441
"../../../../GGJ2021/LostAndFound/Content/Ben/HUD/ShopElements/shop_menu_panel_2.uasset" 442
"../../../../GGJ2021/LostAndFound/Content/Ben/Music/Gameplay_Soundtrack.uasset" 443
"../../../../GGJ2021/LostAndFound/Content/Ben/Music/Gameplay_Soundtrack_Cue.uasset" 444
"../../../../GGJ2021/LostAndFound/Content/Ben/Music/Shop_Theme_Looped.uasset" 445
"../../../../GGJ2021/LostAndFound/Content/Ben/Music/Shop_Theme_Looped_Cue.uasset" 446
"../../../../GGJ2021/LostAndFound/Content/Ben/HUD/HUD_Blueprint.uasset" 447
"../../../../GGJ2021/LostAndFound/Content/Flying/Meshes/UFOMaterial.uasset" 448
"../../../../GGJ2021/LostAndFound/Content/Flying/Meshes/UFO.uasset" 449
"../../../../GGJ2021/LostAndFound/Content/FlyingBP/Sounds/Explosion.uasset" 450
"../../../../GGJ2021/LostAndFound/Content/FlyingBP/Sounds/Whoosh.uasset" 451
"../../../../GGJ2021/LostAndFound/Content/FlyingBP/AI/AI_BossPawn.uasset" 452
"../../../../GGJ2021/LostAndFound/Content/FlyingBP/Materials/m_booster_inactive.uasset" 453
"../../../../GGJ2021/LostAndFound/Content/FlyingBP/Materials/m_booster_normal.uasset" 454
"../../../Engine/Content/BasicShapes/Sphere.uasset" 455
"../../../../GGJ2021/LostAndFound/Content/Ben/EnemyShip/goon_enemyship/goon_ship_diffuse.uasset" 456
"../../../../GGJ2021/LostAndFound/Content/Ben/EnemyShip/goon_enemyship/goon_ship_spec.uasset" 457
"../../../../GGJ2021/LostAndFound/Content/Ben/EnemyShip/goon_enemyship/goon_ship_material.uasset" 458
"../../../../GGJ2021/LostAndFound/Content/Ben/EnemyShip/goon_enemyship/goon_ship.uasset" 459
"../../../../GGJ2021/LostAndFound/Content/FlyingBP/AI/AI_FlyingPawn.uasset" 460
"../../../../GGJ2021/LostAndFound/Content/Ben/asteroids/asteroid_1_diffuse.uasset" 461
"../../../../GGJ2021/LostAndFound/Content/Ben/asteroids/asteroid_1_spec.uasset" 462
"../../../../GGJ2021/LostAndFound/Content/Ben/asteroids/asteroid_material.uasset" 463
"../../../../GGJ2021/LostAndFound/Content/Ben/asteroids/asteroid_1.uasset" 464
"../../../../GGJ2021/LostAndFound/Content/GabrielAguiarProd/ToonProjectilesVol1/Particles/Hits/P_Hit_Bomb03Blue.uasset" 465
"../../../../GGJ2021/LostAndFound/Content/FlyingBP/AI/FlyingRock_AI.uasset" 466
"../../../../GGJ2021/LostAndFound/Content/FlyingBP/Blueprints/Projectile.uasset" 467
"../../../../GGJ2021/LostAndFound/Content/Ben/PlayerShip/playership2_diffuse.uasset" 468
"../../../../GGJ2021/LostAndFound/Content/Ben/PlayerShip/playership2_spec.uasset" 469
"../../../../GGJ2021/LostAndFound/Content/Ben/PlayerShip/player_ship.uasset" 470
"../../../../GGJ2021/LostAndFound/Content/Ben/PlayerShip/player_ship_engine.uasset" 471
"../../../../GGJ2021/LostAndFound/Content/FlyingBP/Sounds/Boost.uasset" 472
"../../../../GGJ2021/LostAndFound/Content/FlyingBP/Sounds/SpaceShipSound.uasset" 473
"../../../../GGJ2021/LostAndFound/Content/GabrielAguiarProd/ToonProjectilesVol1/Particles/Projectiles/P_Projectile_Ball01Blue.uasset" 474
"../../../../GGJ2021/LostAndFound/Content/FlyingBP/Blueprints/FlyingPawn.uasset" 475
"../../../../GGJ2021/LostAndFound/Content/FlyingBP/AI/AI_Spawning.uasset" 476
"../../../../GGJ2021/LostAndFound/Content/FlyingBP/Blueprints/FlyingGameMode.uasset" 477
"../../../../GGJ2021/LostAndFound/Content/FlyingBP/Maps/FlyingExampleMap_BuiltData.uasset" 478
"../../../../GGJ2021/LostAndFound/Content/Ben/GameEndWidget/continue_button.uasset" 479
"../../../../GGJ2021/LostAndFound/Content/Ben/GameEndWidget/continue_hover.uasset" 480
"../../../../GGJ2021/LostAndFound/Content/Ben/GameEndWidget/credits_menu.uasset" 481
"../../../../GGJ2021/LostAndFound/Content/Ben/GameEndWidget/GameEnd.uasset" 482
"../../../../GGJ2021/LostAndFound/Content/Ben/HUD/controls_guide.uasset" 483
"../../../../GGJ2021/LostAndFound/Content/Ben/HUD/press_e_message.uasset" 484
"../../../../GGJ2021/LostAndFound/Content/Ben/HUD/PressEMessage.uasset" 485
"../../../../GGJ2021/LostAndFound/Content/Ben/Music/07_Star_Sequencer__Montpellier_Battle__-_LOOP.uasset" 486
"../../../../GGJ2021/LostAndFound/Content/Ben/Music/07_Star_Sequencer__Montpellier_Battle__-_LOOP_Cue.uasset" 487
"../../../../GGJ2021/LostAndFound/Content/Ben/PauseMenu/main_menu_button.uasset" 488
"../../../../GGJ2021/LostAndFound/Content/Ben/PauseMenu/main_menu_button_hover.uasset" 489
"../../../../GGJ2021/LostAndFound/Content/Ben/PauseMenu/pause_panel.uasset" 490
"../../../../GGJ2021/LostAndFound/Content/Ben/PauseMenu/resume_button.uasset" 491
"../../../../GGJ2021/LostAndFound/Content/Ben/PauseMenu/resume_button_hover.uasset" 492
"../../../../GGJ2021/LostAndFound/Content/Ben/PauseMenu/PauseMenuWidget.uasset" 493
"../../../Engine/Content/EditorMeshes/ColorCalibrator/M_ClearCoatBlack.uasset" 494
"../../../../GGJ2021/LostAndFound/Content/Ben/Shipwrecks/shipwreck_1.uasset" 495
"../../../../GGJ2021/LostAndFound/Content/Ben/Shipwrecks/shipwreck_2.uasset" 496
"../../../../GGJ2021/LostAndFound/Content/Ben/space_station/space_station_diffuse.uasset" 497
"../../../../GGJ2021/LostAndFound/Content/Ben/space_station/space_station_spec.uasset" 498
"../../../../GGJ2021/LostAndFound/Content/Ben/space_station/space_station_material.uasset" 499
"../../../../GGJ2021/LostAndFound/Content/Ben/space_station/space_station_new.uasset" 500
"../../../../GGJ2021/LostAndFound/Content/FlyingBP/Maps/FlyingExampleMap.umap" 501
"../../../../GGJ2021/LostAndFound/Content/StarterContent/Blueprints/Assets/FogBrightnessLUT.uasset" 502
"../../../../GGJ2021/LostAndFound/Content/StarterContent/Blueprints/Assets/SunlightColorLUT.uasset" 503
"../../../../GGJ2021/LostAndFound/Content/StarterContent/Blueprints/Assets/M_LightStage_Arrows.uasset" 504
"../../../Engine/Content/MapTemplates/Sky/DaylightAmbientCubemap.uasset" 505
"../../../../GGJ2021/LostAndFound/Content/StarterContent/Blueprints/Assets/M_LightStage_Skybox_Master.uasset" 506
"../../../../GGJ2021/LostAndFound/Content/StarterContent/Blueprints/Assets/M_LightStage_Skybox_Black.uasset" 507
"../../../../GGJ2021/LostAndFound/Content/StarterContent/Blueprints/Assets/M_LightStage_Skybox_HDRI.uasset" 508
"../../../Engine/Content/EditorMaterials/Thumbnails/SkySphereMaterial.uasset" 509
"../../../../GGJ2021/LostAndFound/Content/StarterContent/Blueprints/Assets/Skybox.uasset" 510
"../../../../GGJ2021/LostAndFound/Content/StarterContent/Blueprints/Assets/SM_Arrows.uasset" 511
"../../../../GGJ2021/LostAndFound/Content/StarterContent/HDRI/HDRI_Epic_Courtyard_Daylight.uasset" 512
"../../../../GGJ2021/LostAndFound/Content/StarterContent/Blueprints/BP_LightStudio.uasset" 513
"../../../../GGJ2021/LostAndFound/Content/StarterContent/Maps/Advanced_Lighting_BuiltData.uasset" 514
"../../../../GGJ2021/LostAndFound/Content/StarterContent/Materials/M_AssetPlatform.uasset" 515
"../../../Engine/Content/EditorMeshes/ColorCalibrator/M_ChromeBall.uasset" 516
"../../../Engine/Content/EditorMeshes/ColorCalibrator/M_ClearCoat.uasset" 517
"../../../Engine/Content/EditorMeshes/ColorCalibrator/Color_checker.uasset" 518
"../../../Engine/Content/EditorMeshes/ColorCalibrator/M_ColorGrid.uasset" 519
"../../../Engine/Content/EditorMeshes/ColorCalibrator/M_GreyBall.uasset" 520
"../../../Engine/Content/EditorMeshes/ColorCalibrator/SM_ColorCalibrator.uasset" 521
"../../../../GGJ2021/LostAndFound/Content/StarterContent/Architecture/SM_AssetPlatform.uasset" 522
"../../../../GGJ2021/LostAndFound/Content/StarterContent/Maps/Advanced_Lighting.umap" 523
"../../../Engine/Content/EngineSky/C_Sky_Cloud_Color.uasset" 524
"../../../Engine/Content/EngineSky/C_Sky_Horizon_Color.uasset" 525
"../../../Engine/Content/EngineSky/C_Sky_Zenith_Color.uasset" 526
"../../../Engine/Content/EngineSky/T_Sky_Blue.uasset" 527
"../../../Engine/Content/EngineSky/T_Sky_Clouds_M.uasset" 528
"../../../Engine/Content/EngineSky/T_Sky_Stars.uasset" 529
"../../../Engine/Content/EngineSky/M_Sky_Panning_Clouds2.uasset" 530
"../../../Engine/Content/EngineSky/SM_SkySphere.uasset" 531
"../../../Engine/Content/EngineSky/BP_Sky_Sphere.uasset" 532
"../../../../GGJ2021/LostAndFound/Content/StarterContent/Maps/Minimal_Default_BuiltData.uasset" 533
"../../../../GGJ2021/LostAndFound/Content/StarterContent/Materials/M_Metal_Brushed_Nickel.uasset" 534
"../../../../GGJ2021/LostAndFound/Content/StarterContent/Textures/T_Metal_Copper_D.uasset" 535
"../../../../GGJ2021/LostAndFound/Content/StarterContent/Materials/M_Metal_Copper.uasset" 536
"../../../../GGJ2021/LostAndFound/Content/StarterContent/Textures/T_Statue_M.uasset" 537
"../../../../GGJ2021/LostAndFound/Content/StarterContent/Textures/T_Statue_N.uasset" 538
"../../../../GGJ2021/LostAndFound/Content/StarterContent/Props/Materials/M_StatueGlass.uasset" 539
"../../../../GGJ2021/LostAndFound/Content/StarterContent/Architecture/Floor_400x400.uasset" 540
"../../../../GGJ2021/LostAndFound/Content/StarterContent/Audio/Starter_Background_Cue.uasset" 541
"../../../../GGJ2021/LostAndFound/Content/StarterContent/Props/SM_Chair.uasset" 542
"../../../../GGJ2021/LostAndFound/Content/StarterContent/Props/Materials/M_Statue.uasset" 543
"../../../../GGJ2021/LostAndFound/Content/StarterContent/Props/SM_Statue.uasset" 544
"../../../../GGJ2021/LostAndFound/Content/StarterContent/Textures/T_TableRound_M.uasset" 545
"../../../../GGJ2021/LostAndFound/Content/StarterContent/Textures/T_TableRound_N.uasset" 546
"../../../../GGJ2021/LostAndFound/Content/StarterContent/Props/Materials/M_TableRound.uasset" 547
"../../../../GGJ2021/LostAndFound/Content/StarterContent/Props/SM_TableRound.uasset" 548
"../../../../GGJ2021/LostAndFound/Content/StarterContent/Maps/Minimal_Default.umap" 549
"../../../../GGJ2021/LostAndFound/Content/StarterContent/Audio/Fire01_Cue.uasset" 550
"../../../../GGJ2021/LostAndFound/Content/StarterContent/Textures/T_Fire_SubUV.uasset" 551
"../../../../GGJ2021/LostAndFound/Content/StarterContent/Textures/T_Fire_Tiled_D.uasset" 552
"../../../../GGJ2021/LostAndFound/Content/StarterContent/Particles/Materials/M_Fire_SubUV.uasset" 553
"../../../../GGJ2021/LostAndFound/Content/StarterContent/Textures/T_Water_N.uasset" 554
"../../../../GGJ2021/LostAndFound/Content/StarterContent/Particles/Materials/M_Heat_Distortion.uasset" 555
"../../../../GGJ2021/LostAndFound/Content/StarterContent/Particles/Materials/M_Radial_Gradient.uasset" 556
"../../../../GGJ2021/LostAndFound/Content/StarterContent/Particles/P_Fire.uasset" 557
"../../../../GGJ2021/LostAndFound/Content/StarterContent/Blueprints/Blueprint_Effect_Fire.uasset" 558
"../../../../GGJ2021/LostAndFound/Content/StarterContent/Audio/Smoke01_Cue.uasset" 559
"../../../../GGJ2021/LostAndFound/Content/StarterContent/Particles/P_Smoke.uasset" 560
"../../../../GGJ2021/LostAndFound/Content/StarterContent/Blueprints/Blueprint_Effect_Smoke.uasset" 561
"../../../../GGJ2021/LostAndFound/Content/StarterContent/Audio/Fire_Sparks01_Cue.uasset" 562
"../../../../GGJ2021/LostAndFound/Content/StarterContent/Textures/T_Spark_Core.uasset" 563
"../../../../GGJ2021/LostAndFound/Content/StarterContent/Particles/Materials/M_Spark.uasset" 564
"../../../../GGJ2021/LostAndFound/Content/StarterContent/Particles/P_Sparks.uasset" 565
"../../../../GGJ2021/LostAndFound/Content/StarterContent/Blueprints/Blueprint_Effect_Sparks.uasset" 566
"../../../../GGJ2021/LostAndFound/Content/StarterContent/Audio/Steam01_Cue.uasset" 567
"../../../../GGJ2021/LostAndFound/Content/StarterContent/Particles/P_Steam_Lit.uasset" 568
"../../../../GGJ2021/LostAndFound/Content/StarterContent/Blueprints/Blueprint_Effect_Steam.uasset" 569
"../../../../GGJ2021/LostAndFound/Content/StarterContent/Textures/T_Lamp_M.uasset" 570
"../../../../GGJ2021/LostAndFound/Content/StarterContent/Textures/T_Lamp_N.uasset" 571
"../../../../GGJ2021/LostAndFound/Content/StarterContent/Props/Materials/M_Lamp.uasset" 572
"../../../../GGJ2021/LostAndFound/Content/StarterContent/Props/SM_Lamp_Ceiling.uasset" 573
"../../../../GGJ2021/LostAndFound/Content/StarterContent/Blueprints/Blueprint_CeilingLight.uasset" 574
"../../../../GGJ2021/LostAndFound/Content/StarterContent/Props/SM_Lamp_Wall.uasset" 575
"../../../../GGJ2021/LostAndFound/Content/StarterContent/Blueprints/Blueprint_WallSconce.uasset" 576
"../../../../GGJ2021/LostAndFound/Content/StarterContent/Maps/StarterMap_BuiltData.uasset" 577
"../../../Engine/Content/Functions/Engine_MaterialFunctions03/Procedurals/ComputeFilterWidth.uasset" 578
"../../../Engine/Content/EngineMaterials/AntiAliasedTextMaterialTranslucent.uasset" 579
"../../../../GGJ2021/LostAndFound/Content/StarterContent/Textures/T_Brick_Clay_Beveled_D.uasset" 580
"../../../../GGJ2021/LostAndFound/Content/StarterContent/Textures/T_Brick_Clay_Beveled_M.uasset" 581
"../../../../GGJ2021/LostAndFound/Content/StarterContent/Textures/T_Brick_Clay_Beveled_N.uasset" 582
"../../../../GGJ2021/LostAndFound/Content/StarterContent/Materials/M_Brick_Clay_Beveled.uasset" 583
"../../../../GGJ2021/LostAndFound/Content/StarterContent/Textures/T_Brick_Clay_New_D.uasset" 584
"../../../../GGJ2021/LostAndFound/Content/StarterContent/Textures/T_Brick_Clay_New_M.uasset" 585
"../../../../GGJ2021/LostAndFound/Content/StarterContent/Textures/T_Brick_Clay_New_N.uasset" 586
"../../../../GGJ2021/LostAndFound/Content/StarterContent/Materials/M_Brick_Clay_New.uasset" 587
"../../../../GGJ2021/LostAndFound/Content/StarterContent/Textures/T_Brick_Clay_Old_D.uasset" 588
"../../../../GGJ2021/LostAndFound/Content/StarterContent/Textures/T_Brick_Clay_Old_N.uasset" 589
"../../../../GGJ2021/LostAndFound/Content/StarterContent/Textures/T_Perlin_Noise_M.uasset" 590
"../../../../GGJ2021/LostAndFound/Content/StarterContent/Materials/M_Brick_Clay_Old.uasset" 591
"../../../../GGJ2021/LostAndFound/Content/StarterContent/Textures/T_Brick_Cut_Stone_D.uasset" 592
"../../../../GGJ2021/LostAndFound/Content/StarterContent/Textures/T_Brick_Cut_Stone_N.uasset" 593
"../../../../GGJ2021/LostAndFound/Content/StarterContent/Materials/M_Brick_Cut_Stone.uasset" 594
"../../../../GGJ2021/LostAndFound/Content/StarterContent/Textures/T_Brick_Hewn_Stone_D.uasset" 595
"../../../../GGJ2021/LostAndFound/Content/StarterContent/Textures/T_Brick_Hewn_Stone_M.uasset" 596
"../../../../GGJ2021/LostAndFound/Content/StarterContent/Textures/T_Brick_Hewn_Stone_N.uasset" 597
"../../../../GGJ2021/LostAndFound/Content/StarterContent/Materials/M_Brick_Hewn_Stone.uasset" 598
"../../../../GGJ2021/LostAndFound/Content/StarterContent/Textures/T_Ceramic_Tile_M.uasset" 599
"../../../../GGJ2021/LostAndFound/Content/StarterContent/Textures/T_Ceramic_Tile_N.uasset" 600
"../../../../GGJ2021/LostAndFound/Content/StarterContent/Textures/T_Rock_Marble_Polished_D.uasset" 601
"../../../../GGJ2021/LostAndFound/Content/StarterContent/Materials/M_Ceramic_Tile_Checker.uasset" 602
"../../../../GGJ2021/LostAndFound/Content/StarterContent/Textures/T_CobbleStone_Pebble_D.uasset" 603
"../../../../GGJ2021/LostAndFound/Content/StarterContent/Textures/T_CobbleStone_Pebble_M.uasset" 604
"../../../../GGJ2021/LostAndFound/Content/StarterContent/Textures/T_CobbleStone_Pebble_N.uasset" 605
"../../../../GGJ2021/LostAndFound/Content/StarterContent/Materials/M_CobbleStone_Pebble.uasset" 606
"../../../../GGJ2021/LostAndFound/Content/StarterContent/Textures/T_CobbleStone_Rough_D.uasset" 607
"../../../../GGJ2021/LostAndFound/Content/StarterContent/Textures/T_CobbleStone_Rough_N.uasset" 608
"../../../../GGJ2021/LostAndFound/Content/StarterContent/Textures/T_Gradinet_01.uasset" 609
"../../../../GGJ2021/LostAndFound/Content/StarterContent/Textures/T_Rock_Smooth_Granite_D.uasset" 610
"../../../../GGJ2021/LostAndFound/Content/StarterContent/Materials/M_CobbleStone_Rough.uasset" 611
"../../../../GGJ2021/LostAndFound/Content/StarterContent/Textures/T_CobbleStone_Smooth_D.uasset" 612
"../../../../GGJ2021/LostAndFound/Content/StarterContent/Textures/T_CobbleStone_Smooth_M.uasset" 613
"../../../../GGJ2021/LostAndFound/Content/StarterContent/Textures/T_CobbleStone_Smooth_N.uasset" 614
"../../../../GGJ2021/LostAndFound/Content/StarterContent/Materials/M_CobbleStone_Smooth.uasset" 615
"../../../../GGJ2021/LostAndFound/Content/StarterContent/Textures/T_Concrete_Grime_D.uasset" 616
"../../../../GGJ2021/LostAndFound/Content/StarterContent/Textures/T_Metal_Rust_N.uasset" 617
"../../../../GGJ2021/LostAndFound/Content/StarterContent/Materials/M_Concrete_Grime.uasset" 618
"../../../../GGJ2021/LostAndFound/Content/StarterContent/Textures/T_Concrete_Panels_D.uasset" 619
"../../../../GGJ2021/LostAndFound/Content/StarterContent/Textures/T_Concrete_Panels_N.uasset" 620
"../../../../GGJ2021/LostAndFound/Content/StarterContent/Materials/M_Concrete_Panels.uasset" 621
"../../../../GGJ2021/LostAndFound/Content/StarterContent/Textures/T_Concrete_Poured_D.uasset" 622
"../../../../GGJ2021/LostAndFound/Content/StarterContent/Textures/T_Concrete_Poured_N.uasset" 623
"../../../../GGJ2021/LostAndFound/Content/StarterContent/Materials/M_Concrete_Poured.uasset" 624
"../../../../GGJ2021/LostAndFound/Content/StarterContent/Textures/T_Concrete_Tiles_D.uasset" 625
"../../../../GGJ2021/LostAndFound/Content/StarterContent/Textures/T_Concrete_Tiles_M.uasset" 626
"../../../../GGJ2021/LostAndFound/Content/StarterContent/Textures/T_Concrete_Tiles_N.uasset" 627
"../../../../GGJ2021/LostAndFound/Content/StarterContent/Textures/T_Concrete_Tiles_Variation_M.uasset" 628
"../../../../GGJ2021/LostAndFound/Content/StarterContent/Materials/M_Concrete_Tiles.uasset" 629
"../../../../GGJ2021/LostAndFound/Content/StarterContent/Textures/T_Ground_Grass_D.uasset" 630
"../../../../GGJ2021/LostAndFound/Content/StarterContent/Textures/T_Ground_Grass_N.uasset" 631
"../../../../GGJ2021/LostAndFound/Content/StarterContent/Materials/M_Ground_Grass.uasset" 632
"../../../../GGJ2021/LostAndFound/Content/StarterContent/Textures/T_Ground_Gravel_D.uasset" 633
"../../../../GGJ2021/LostAndFound/Content/StarterContent/Textures/T_Ground_Gravel_N.uasset" 634
"../../../../GGJ2021/LostAndFound/Content/StarterContent/Materials/M_Ground_Gravel.uasset" 635
"../../../../GGJ2021/LostAndFound/Content/StarterContent/Textures/T_ground_Moss_D.uasset" 636
"../../../../GGJ2021/LostAndFound/Content/StarterContent/Textures/T_Ground_Moss_N.uasset" 637
"../../../../GGJ2021/LostAndFound/Content/StarterContent/Materials/M_Ground_Moss.uasset" 638
"../../../../GGJ2021/LostAndFound/Content/StarterContent/Materials/M_Metal_Chrome.uasset" 639
"../../../../GGJ2021/LostAndFound/Content/StarterContent/Textures/T_Metal_Gold_D.uasset" 640
"../../../../GGJ2021/LostAndFound/Content/StarterContent/Materials/M_Metal_Gold.uasset" 641
"../../../../GGJ2021/LostAndFound/Content/StarterContent/Textures/T_Metal_Rust_D.uasset" 642
"../../../../GGJ2021/LostAndFound/Content/StarterContent/Materials/M_Metal_Rust.uasset" 643
"../../../../GGJ2021/LostAndFound/Content/StarterContent/Textures/T_Metal_Steel_D.uasset" 644
"../../../../GGJ2021/LostAndFound/Content/StarterContent/Textures/T_Metal_Steel_N.uasset" 645
"../../../../GGJ2021/LostAndFound/Content/StarterContent/Materials/M_Metal_Steel.uasset" 646
"../../../../GGJ2021/LostAndFound/Content/StarterContent/Textures/T_Rock_Basalt_N.uasset" 647
"../../../../GGJ2021/LostAndFound/Content/StarterContent/Materials/M_Rock_Basalt.uasset" 648
"../../../../GGJ2021/LostAndFound/Content/StarterContent/Materials/M_Rock_Marble_Polished.uasset" 649
"../../../../GGJ2021/LostAndFound/Content/StarterContent/Textures/T_Rock_Sandstone_D.uasset" 650
"../../../../GGJ2021/LostAndFound/Content/StarterContent/Textures/T_Rock_Sandstone_N.uasset" 651
"../../../../GGJ2021/LostAndFound/Content/StarterContent/Materials/M_Rock_Sandstone.uasset" 652
"../../../../GGJ2021/LostAndFound/Content/StarterContent/Textures/T_Rock_Slate_D.uasset" 653
"../../../../GGJ2021/LostAndFound/Content/StarterContent/Textures/T_Rock_Slate_N.uasset" 654
"../../../../GGJ2021/LostAndFound/Content/StarterContent/Materials/M_Rock_Slate.uasset" 655
"../../../../GGJ2021/LostAndFound/Content/StarterContent/Textures/T_Checker_Noise_M.uasset" 656
"../../../../GGJ2021/LostAndFound/Content/StarterContent/Textures/T_Single_Tile_N.uasset" 657
"../../../../GGJ2021/LostAndFound/Content/StarterContent/Textures/T_Tech_Dot_M.uasset" 658
"../../../../GGJ2021/LostAndFound/Content/StarterContent/Textures/T_Tech_Dot_N.uasset" 659
"../../../../GGJ2021/LostAndFound/Content/StarterContent/Materials/M_Tech_Checker_Dot.uasset" 660
"../../../../GGJ2021/LostAndFound/Content/StarterContent/Textures/T_Tech_Hex_Tile_M.uasset" 661
"../../../../GGJ2021/LostAndFound/Content/StarterContent/Textures/T_Tech_Hex_Tile_N.uasset" 662
"../../../../GGJ2021/LostAndFound/Content/StarterContent/Materials/M_Tech_Hex_Tile.uasset" 663
"../../../../GGJ2021/LostAndFound/Content/StarterContent/Materials/M_Tech_Hex_Tile_Pulse.uasset" 664
"../../../../GGJ2021/LostAndFound/Content/StarterContent/Textures/T_Tech_Panel_M.uasset" 665
"../../../../GGJ2021/LostAndFound/Content/StarterContent/Textures/T_Tech_Panel_N.uasset" 666
"../../../../GGJ2021/LostAndFound/Content/StarterContent/Materials/M_Tech_Panel.uasset" 667
"../../../../GGJ2021/LostAndFound/Content/StarterContent/Materials/M_Water_Lake.uasset" 668
"../../../../GGJ2021/LostAndFound/Content/StarterContent/Textures/T_Water_M.uasset" 669
"../../../../GGJ2021/LostAndFound/Content/StarterContent/Materials/M_Water_Ocean.uasset" 670
"../../../../GGJ2021/LostAndFound/Content/StarterContent/Textures/T_Wood_Floor_Walnut_D.uasset" 671
"../../../../GGJ2021/LostAndFound/Content/StarterContent/Textures/T_Wood_Floor_Walnut_M.uasset" 672
"../../../../GGJ2021/LostAndFound/Content/StarterContent/Textures/T_Wood_Floor_Walnut_N.uasset" 673
"../../../../GGJ2021/LostAndFound/Content/StarterContent/Materials/M_Wood_Floor_Walnut_Polished.uasset" 674
"../../../Engine/Content/Functions/Engine_MaterialFunctions01/Opacity/AlphaOffset.uasset" 675
"../../../../GGJ2021/LostAndFound/Content/StarterContent/Materials/M_Wood_Floor_Walnut_Worn.uasset" 676
"../../../../GGJ2021/LostAndFound/Content/StarterContent/Textures/T_Wood_Oak_D.uasset" 677
"../../../../GGJ2021/LostAndFound/Content/StarterContent/Textures/T_Wood_Oak_N.uasset" 678
"../../../../GGJ2021/LostAndFound/Content/StarterContent/Materials/M_Wood_Oak.uasset" 679
"../../../../GGJ2021/LostAndFound/Content/StarterContent/Textures/T_Wood_Pine_D.uasset" 680
"../../../../GGJ2021/LostAndFound/Content/StarterContent/Textures/T_Wood_Pine_N.uasset" 681
"../../../../GGJ2021/LostAndFound/Content/StarterContent/Materials/M_Wood_Pine.uasset" 682
"../../../../GGJ2021/LostAndFound/Content/StarterContent/Textures/T_Wood_Walnut_D.uasset" 683
"../../../../GGJ2021/LostAndFound/Content/StarterContent/Textures/T_Wood_Walnut_N.uasset" 684
"../../../../GGJ2021/LostAndFound/Content/StarterContent/Materials/M_Wood_Walnut.uasset" 685
"../../../../GGJ2021/LostAndFound/Content/StarterContent/Architecture/Wall_400x200.uasset" 686
"../../../../GGJ2021/LostAndFound/Content/StarterContent/Architecture/Wall_Door_400x300.uasset" 687
"../../../../GGJ2021/LostAndFound/Content/StarterContent/Architecture/Wall_Window_400x300.uasset" 688
"../../../../GGJ2021/LostAndFound/Content/StarterContent/Audio/Collapse_Cue.uasset" 689
"../../../../GGJ2021/LostAndFound/Content/StarterContent/Audio/Starter_Music_Cue.uasset" 690
"../../../../GGJ2021/LostAndFound/Content/StarterContent/Textures/T_Dust_Particle_D.uasset" 691
"../../../../GGJ2021/LostAndFound/Content/StarterContent/Particles/Materials/M_Dust_Particle.uasset" 692
"../../../../GGJ2021/LostAndFound/Content/StarterContent/Particles/P_Ambient_Dust.uasset" 693
"../../../../GGJ2021/LostAndFound/Content/StarterContent/Props/MaterialSphere.uasset" 694
"../../../../GGJ2021/LostAndFound/Content/StarterContent/Textures/T_Frame_M.uasset" 695
"../../../../GGJ2021/LostAndFound/Content/StarterContent/Textures/T_Frame_N.uasset" 696
"../../../../GGJ2021/LostAndFound/Content/StarterContent/Props/Materials/M_Frame.uasset" 697
"../../../../GGJ2021/LostAndFound/Content/StarterContent/Props/SM_CornerFrame.uasset" 698
"../../../../GGJ2021/LostAndFound/Content/StarterContent/Props/SM_DoorFrame.uasset" 699
"../../../../GGJ2021/LostAndFound/Content/StarterContent/Props/SM_GlassWindow.uasset" 700
"../../../../GGJ2021/LostAndFound/Content/StarterContent/Props/SM_PillarFrame.uasset" 701
"../../../../GGJ2021/LostAndFound/Content/StarterContent/Props/SM_PillarFrame300.uasset" 702
"../../../../GGJ2021/LostAndFound/Content/StarterContent/Props/SM_WindowFrame.uasset" 703
"../../../../GGJ2021/LostAndFound/Content/StarterContent/Shapes/Shape_Cube.uasset" 704
"../../../../GGJ2021/LostAndFound/Content/StarterContent/Shapes/Shape_QuadPyramid.uasset" 705
"../../../../GGJ2021/LostAndFound/Content/StarterContent/Maps/StarterMap.umap" 706
"../../../Engine/Content/Maps/Entry_BuiltData.uasset" 707
"../../../Engine/Content/Maps/Entry.umap" 708
